<?xml version="1.0" encoding="UTF-8"?>
<!-- Generated by org.testng.reporters.JUnitReportReporter -->
<testsuite hostname="DESKTOP-7SLRVMH" failures="0" tests="2" name="com.store.testCases.MenuValidation" time="6.713" errors="0" timestamp="2023-09-16T14:55:21 IST" skipped="0">
  <testcase classname="com.store.testCases.MenuValidation" name="login" time="1.467"/>
  <testcase classname="com.store.testCases.MenuValidation" name="Menu" time="5.246"/>
</testsuite> <!-- com.store.testCases.MenuValidation -->
