<?xml version="1.0" encoding="UTF-8"?>
<!-- Generated by org.testng.reporters.JUnitReportReporter -->
<testsuite hostname="DESKTOP-7SLRVMH" failures="0" tests="1" name="com.store.testCases.LoginValidation" time="1.130" errors="0" timestamp="2023-09-16T14:55:21 IST" skipped="0">
  <testcase classname="com.store.testCases.LoginValidation" name="login" time="1.130"/>
</testsuite> <!-- com.store.testCases.LoginValidation -->
